Using pre-set license
Built from '2020.3/staging' branch; Version is '2020.3.25f1 (9b9180224418) revision 10195328'; Using compiler version '192528614'; Build Type 'Release'
OS: 'Windows 11  (10.0.22000) 64bit Core' Language: 'es' Physical Memory: 16085 MB
BatchMode: 1, IsHumanControllingUs: 0, StartBugReporterOnCrash: 0, Is64bit: 1, IsPro: 0

COMMAND LINE ARGUMENTS:
C:\Program Files\Unity\Hub\Editor\2020.3.25f1\Editor\Unity.exe
-adb2
-batchMode
-noUpm
-name
AssetImportWorker0
-projectPath
C:/Users/juani/Desktop/Game Dev/Unity Projects/Regenesis
-logFile
Logs/AssetImportWorker0.log
-srvPort
61417
Successfully changed project path to: C:/Users/juani/Desktop/Game Dev/Unity Projects/Regenesis
C:/Users/juani/Desktop/Game Dev/Unity Projects/Regenesis
Using Asset Import Pipeline V2.
Refreshing native plugins compatible for Editor in 48.97 ms, found 2 plugins.
Preloading 0 native plugins for Editor in 0.00 ms.
Initialize engine version: 2020.3.25f1 (9b9180224418)
[Subsystems] Discovering subsystems at path C:/Program Files/Unity/Hub/Editor/2020.3.25f1/Editor/Data/Resources/UnitySubsystems
[Subsystems] Discovering subsystems at path C:/Users/juani/Desktop/Game Dev/Unity Projects/Regenesis/Assets
GfxDevice: creating device client; threaded=0
Direct3D:
    Version:  Direct3D 11.0 [level 11.1]
    Renderer: NVIDIA GeForce RTX 3060 Laptop GPU (ID=0x2520)
    Vendor:   
    VRAM:     6023 MB
    Driver:   30.0.15.1215
Initialize mono
Mono path[0] = 'C:/Program Files/Unity/Hub/Editor/2020.3.25f1/Editor/Data/Managed'
Mono path[1] = 'C:/Program Files/Unity/Hub/Editor/2020.3.25f1/Editor/Data/MonoBleedingEdge/lib/mono/unityjit'
Mono config path = 'C:/Program Files/Unity/Hub/Editor/2020.3.25f1/Editor/Data/MonoBleedingEdge/etc'
Using monoOptions --debugger-agent=transport=dt_socket,embedding=1,server=y,suspend=n,address=127.0.0.1:56776
Begin MonoManager ReloadAssembly
Registering precompiled unity dll's ...
Register platform support module: C:/Program Files/Unity/Hub/Editor/2020.3.25f1/Editor/Data/PlaybackEngines/WindowsStandaloneSupport/UnityEditor.WindowsStandalone.Extensions.dll
Registered in 0.000960 seconds.
Native extension for WindowsStandalone target not found
Refreshing native plugins compatible for Editor in 45.02 ms, found 2 plugins.
Preloading 0 native plugins for Editor in 0.00 ms.
Mono: successfully reloaded assembly
- Completed reload, in  0.455 seconds
Domain Reload Profiling:
	ReloadAssembly (455ms)
		BeginReloadAssembly (62ms)
			ExecutionOrderSort (0ms)
			DisableScriptedObjects (0ms)
			BackupInstance (0ms)
			ReleaseScriptingObjects (0ms)
			CreateAndSetChildDomain (2ms)
		EndReloadAssembly (343ms)
			LoadAssemblies (58ms)
			RebuildTransferFunctionScriptingTraits (0ms)
			SetupTypeCache (102ms)
			ReleaseScriptCaches (0ms)
			RebuildScriptCaches (25ms)
			SetupLoadedEditorAssemblies (141ms)
				LogAssemblyErrors (0ms)
				InitializePlatformSupportModulesInManaged (3ms)
				SetLoadedEditorAssemblies (0ms)
				RefreshPlugins (45ms)
				BeforeProcessingInitializeOnLoad (14ms)
				ProcessInitializeOnLoadAttributes (60ms)
				ProcessInitializeOnLoadMethodAttributes (19ms)
				AfterProcessingInitializeOnLoad (0ms)
				EditorAssembliesLoaded (0ms)
			ExecutionOrderSort2 (0ms)
			AwakeInstancesAfterBackupRestoration (0ms)
Platform modules already initialized, skipping
Registering precompiled user dll's ...
Registered in 0.002820 seconds.
Begin MonoManager ReloadAssembly
Native extension for WindowsStandalone target not found
Refreshing native plugins compatible for Editor in 53.71 ms, found 2 plugins.
Preloading 0 native plugins for Editor in 0.00 ms.
Mono: successfully reloaded assembly
- Completed reload, in  1.013 seconds
Domain Reload Profiling:
	ReloadAssembly (1013ms)
		BeginReloadAssembly (137ms)
			ExecutionOrderSort (0ms)
			DisableScriptedObjects (3ms)
			BackupInstance (0ms)
			ReleaseScriptingObjects (0ms)
			CreateAndSetChildDomain (15ms)
		EndReloadAssembly (832ms)
			LoadAssemblies (108ms)
			RebuildTransferFunctionScriptingTraits (0ms)
			SetupTypeCache (229ms)
			ReleaseScriptCaches (0ms)
			RebuildScriptCaches (48ms)
			SetupLoadedEditorAssemblies (342ms)
				LogAssemblyErrors (0ms)
				InitializePlatformSupportModulesInManaged (3ms)
				SetLoadedEditorAssemblies (0ms)
				RefreshPlugins (54ms)
				BeforeProcessingInitializeOnLoad (76ms)
				ProcessInitializeOnLoadAttributes (200ms)
				ProcessInitializeOnLoadMethodAttributes (7ms)
				AfterProcessingInitializeOnLoad (3ms)
				EditorAssembliesLoaded (0ms)
			ExecutionOrderSort2 (0ms)
			AwakeInstancesAfterBackupRestoration (5ms)
Platform modules already initialized, skipping
========================================================================
Worker process is ready to serve import requests
Launched and connected shader compiler UnityShaderCompiler.exe after 0.03 seconds
Refreshing native plugins compatible for Editor in 0.56 ms, found 2 plugins.
Preloading 0 native plugins for Editor in 0.00 ms.
Unloading 3093 Unused Serialized files (Serialized files now loaded: 0)
System memory in use before: 142.8 MB.
System memory in use after: 143.0 MB.

Unloading 20 unused Assets to reduce memory usage. Loaded Objects now: 3527.
Total: 2.722900 ms (FindLiveObjects: 0.174600 ms CreateObjectMapping: 0.058500 ms MarkObjects: 2.412200 ms  DeleteObjects: 0.076700 ms)

AssetImportParameters requested are different than current active one (requested -> active):
  custom:framework-win-MediaFoundation: 216162199b28c13a410421893ffa2e32 -> 
  custom:video-decoder-ogg-theora: a1e56fd34408186e4bbccfd4996cb3dc -> 
  custom:container-muxer-webm: aa71ff27fc2769a1b78a27578f13a17b -> 
  custom:container-demuxer-webm: 4f35f7cbe854078d1ac9338744f61a02 -> 
  custom:container-demuxer-ogg: 62fdf1f143b41e24485cea50d1cbac27 -> 
  custom:video-encoder-webm-vp8: eb34c28f22e8b96e1ab97ce403110664 -> 
  custom:video-decoder-webm-vp8: 9c59270c3fd7afecdb556c50c9e8de78 -> 
  custom:audio-decoder-ogg-vorbis: bf7c407c2cedff20999df2af8eb42d56 -> 
  custom:audio-encoder-webm-vorbis: bf7c407c2cedff20999df2af8eb42d56 -> 
========================================================================
Received Import Request.
  path: Assets/3D Models/Terrain modules/Experimental
  artifactKey: Guid(ee1e85b6380937943a8c2a96f8e5a611) Importer(815301076,1909f56bfc062723c751e8b465ee728b)
Start importing Assets/3D Models/Terrain modules/Experimental using Guid(ee1e85b6380937943a8c2a96f8e5a611) Importer(815301076,1909f56bfc062723c751e8b465ee728b)  -> (artifact id: '22781fa48b388a89268629fb97543fc3') in 0.008092 seconds 
  Import took 0.012025 seconds .

========================================================================
Received Import Request.
  Time since last request: 0.000234 seconds.
  path: Assets/3D Models/Terrain modules
  artifactKey: Guid(0e4892b9d3330ea479a954dd156fd8fc) Importer(815301076,1909f56bfc062723c751e8b465ee728b)
Start importing Assets/3D Models/Terrain modules using Guid(0e4892b9d3330ea479a954dd156fd8fc) Importer(815301076,1909f56bfc062723c751e8b465ee728b)  -> (artifact id: '828cd55458b0bb51c871ecdc98d052f9') in 0.005000 seconds 
  Import took 0.008883 seconds .

========================================================================
Received Import Request.
  Time since last request: 7.603162 seconds.
  path: Assets/Textures+Props/DesertTiles/TileMaterialQuicksand.mat
  artifactKey: Guid(93d37909b5f7d9040ba7199da501b191) Importer(815301076,1909f56bfc062723c751e8b465ee728b)
Start importing Assets/Textures+Props/DesertTiles/TileMaterialQuicksand.mat using Guid(93d37909b5f7d9040ba7199da501b191) Importer(815301076,1909f56bfc062723c751e8b465ee728b)  -> (artifact id: '7e57a2ab71447d733dd9449fe4479001') in 0.195568 seconds 
  Import took 0.200212 seconds .

========================================================================
Received Prepare
Refreshing native plugins compatible for Editor in 2.38 ms, found 2 plugins.
Preloading 0 native plugins for Editor in 0.00 ms.
Unloading 13 Unused Serialized files (Serialized files now loaded: 0)
System memory in use before: 79.4 MB.
System memory in use after: 79.7 MB.

Unloading 13 unused Assets to reduce memory usage. Loaded Objects now: 3632.
Total: 3.096100 ms (FindLiveObjects: 0.184000 ms CreateObjectMapping: 0.081500 ms MarkObjects: 2.800700 ms  DeleteObjects: 0.029200 ms)

AssetImportParameters requested are different than current active one (requested -> active):
  custom:framework-win-MediaFoundation: 216162199b28c13a410421893ffa2e32 -> 
  custom:video-decoder-ogg-theora: a1e56fd34408186e4bbccfd4996cb3dc -> 
  custom:container-muxer-webm: aa71ff27fc2769a1b78a27578f13a17b -> 
  custom:container-demuxer-webm: 4f35f7cbe854078d1ac9338744f61a02 -> 
  custom:container-demuxer-ogg: 62fdf1f143b41e24485cea50d1cbac27 -> 
  custom:video-encoder-webm-vp8: eb34c28f22e8b96e1ab97ce403110664 -> 
  custom:video-decoder-webm-vp8: 9c59270c3fd7afecdb556c50c9e8de78 -> 
  custom:audio-decoder-ogg-vorbis: bf7c407c2cedff20999df2af8eb42d56 -> 
  custom:audio-encoder-webm-vorbis: bf7c407c2cedff20999df2af8eb42d56 -> 
========================================================================
Received Import Request.
  Time since last request: 89.166430 seconds.
  path: Assets/Prefabs/Tiles/DesertTiles/TILE_Test_Desert_01.prefab
  artifactKey: Guid(012430e6404eb8440be51b7f8abad3bc) Importer(815301076,1909f56bfc062723c751e8b465ee728b)
Start importing Assets/Prefabs/Tiles/DesertTiles/TILE_Test_Desert_01.prefab using Guid(012430e6404eb8440be51b7f8abad3bc) Importer(815301076,1909f56bfc062723c751e8b465ee728b)  -> (artifact id: '6933c0efe5c0cbf9226c0982a42c81c2') in 0.049278 seconds 
  Import took 0.054533 seconds .

========================================================================
Received Import Request.
  Time since last request: 3.528681 seconds.
  path: Assets/Prefabs/Tiles/SpecialTiles/TILE_QUICKSAND.prefab
  artifactKey: Guid(0d2a25c4e22a69c43a9e1d46248edf00) Importer(815301076,1909f56bfc062723c751e8b465ee728b)
Start importing Assets/Prefabs/Tiles/SpecialTiles/TILE_QUICKSAND.prefab using Guid(0d2a25c4e22a69c43a9e1d46248edf00) Importer(815301076,1909f56bfc062723c751e8b465ee728b)  -> (artifact id: '55da4bbb3bb618d32771c96e6ecebe51') in 0.025695 seconds 
  Import took 0.030024 seconds .

========================================================================
Received Prepare
Registering precompiled user dll's ...
Registered in 0.004748 seconds.
Begin MonoManager ReloadAssembly
Native extension for WindowsStandalone target not found
Refreshing native plugins compatible for Editor in 0.89 ms, found 2 plugins.
Preloading 0 native plugins for Editor in 0.00 ms.
Mono: successfully reloaded assembly
- Completed reload, in  0.891 seconds
Domain Reload Profiling:
	ReloadAssembly (891ms)
		BeginReloadAssembly (116ms)
			ExecutionOrderSort (0ms)
			DisableScriptedObjects (6ms)
			BackupInstance (0ms)
			ReleaseScriptingObjects (0ms)
			CreateAndSetChildDomain (36ms)
		EndReloadAssembly (729ms)
			LoadAssemblies (68ms)
			RebuildTransferFunctionScriptingTraits (0ms)
			SetupTypeCache (244ms)
			ReleaseScriptCaches (1ms)
			RebuildScriptCaches (47ms)
			SetupLoadedEditorAssemblies (251ms)
				LogAssemblyErrors (0ms)
				InitializePlatformSupportModulesInManaged (3ms)
				SetLoadedEditorAssemblies (0ms)
				RefreshPlugins (1ms)
				BeforeProcessingInitializeOnLoad (72ms)
				ProcessInitializeOnLoadAttributes (165ms)
				ProcessInitializeOnLoadMethodAttributes (6ms)
				AfterProcessingInitializeOnLoad (3ms)
				EditorAssembliesLoaded (0ms)
			ExecutionOrderSort2 (0ms)
			AwakeInstancesAfterBackupRestoration (14ms)
Platform modules already initialized, skipping
Refreshing native plugins compatible for Editor in 0.54 ms, found 2 plugins.
Preloading 0 native plugins for Editor in 0.00 ms.
Unloading 2953 Unused Serialized files (Serialized files now loaded: 0)
System memory in use before: 138.0 MB.
System memory in use after: 138.3 MB.

Unloading 15 unused Assets to reduce memory usage. Loaded Objects now: 3607.
Total: 2.591800 ms (FindLiveObjects: 0.369900 ms CreateObjectMapping: 0.112300 ms MarkObjects: 2.097200 ms  DeleteObjects: 0.011800 ms)

AssetImportParameters requested are different than current active one (requested -> active):
  custom:framework-win-MediaFoundation: 216162199b28c13a410421893ffa2e32 -> 
  custom:video-decoder-ogg-theora: a1e56fd34408186e4bbccfd4996cb3dc -> 
  custom:container-muxer-webm: aa71ff27fc2769a1b78a27578f13a17b -> 
  custom:container-demuxer-webm: 4f35f7cbe854078d1ac9338744f61a02 -> 
  custom:container-demuxer-ogg: 62fdf1f143b41e24485cea50d1cbac27 -> 
  custom:video-encoder-webm-vp8: eb34c28f22e8b96e1ab97ce403110664 -> 
  custom:video-decoder-webm-vp8: 9c59270c3fd7afecdb556c50c9e8de78 -> 
  custom:audio-decoder-ogg-vorbis: bf7c407c2cedff20999df2af8eb42d56 -> 
  custom:audio-encoder-webm-vorbis: bf7c407c2cedff20999df2af8eb42d56 -> 
========================================================================
Received Import Request.
  Time since last request: 8.278253 seconds.
  path: Assets/Prefabs/Tiles/DesertTiles/TILE_Test_Desert_01.prefab
  artifactKey: Guid(012430e6404eb8440be51b7f8abad3bc) Importer(815301076,1909f56bfc062723c751e8b465ee728b)
Start importing Assets/Prefabs/Tiles/DesertTiles/TILE_Test_Desert_01.prefab using Guid(012430e6404eb8440be51b7f8abad3bc) Importer(815301076,1909f56bfc062723c751e8b465ee728b)  -> (artifact id: '4f91feaaf64a24dc1aecadd9923c1de5') in 0.033114 seconds 
  Import took 0.037363 seconds .

========================================================================
Received Import Request.
  Time since last request: 0.797297 seconds.
  path: Assets/Prefabs/Tiles/DesertTiles/TILE_Test_Desert_01.prefab
  artifactKey: Guid(012430e6404eb8440be51b7f8abad3bc) Importer(815301076,1909f56bfc062723c751e8b465ee728b)
Start importing Assets/Prefabs/Tiles/DesertTiles/TILE_Test_Desert_01.prefab using Guid(012430e6404eb8440be51b7f8abad3bc) Importer(815301076,1909f56bfc062723c751e8b465ee728b)  -> (artifact id: '2dfa7f9af96bcc941199816b87cc4dfa') in 0.123698 seconds 
  Import took 0.128738 seconds .

========================================================================
Received Import Request.
  Time since last request: 4.719272 seconds.
  path: Assets/Prefabs/Tiles/DesertTiles/TILE_Test_Desert_02.prefab
  artifactKey: Guid(6f049c4ecf20f264fb03849da5a6e27c) Importer(815301076,1909f56bfc062723c751e8b465ee728b)
Start importing Assets/Prefabs/Tiles/DesertTiles/TILE_Test_Desert_02.prefab using Guid(6f049c4ecf20f264fb03849da5a6e27c) Importer(815301076,1909f56bfc062723c751e8b465ee728b)  -> (artifact id: '5165d8c93177b7f94465762888d5f402') in 0.009076 seconds 
  Import took 0.013693 seconds .

========================================================================
Received Import Request.
  Time since last request: 1.612716 seconds.
  path: Assets/Prefabs/Tiles/DesertTiles/TILE_Test_Desert_02.prefab
  artifactKey: Guid(6f049c4ecf20f264fb03849da5a6e27c) Importer(815301076,1909f56bfc062723c751e8b465ee728b)
Start importing Assets/Prefabs/Tiles/DesertTiles/TILE_Test_Desert_02.prefab using Guid(6f049c4ecf20f264fb03849da5a6e27c) Importer(815301076,1909f56bfc062723c751e8b465ee728b)  -> (artifact id: 'a662c3c72abc5d32392f67fcae05ec3c') in 0.023146 seconds 
  Import took 0.027662 seconds .

========================================================================
Received Import Request.
  Time since last request: 5.468454 seconds.
  path: Assets/Prefabs/Tiles/DesertTiles/TILE_Test_Desert_03.prefab
  artifactKey: Guid(2c66ff2ca255eba4fb6ca60ce0939de3) Importer(815301076,1909f56bfc062723c751e8b465ee728b)
Start importing Assets/Prefabs/Tiles/DesertTiles/TILE_Test_Desert_03.prefab using Guid(2c66ff2ca255eba4fb6ca60ce0939de3) Importer(815301076,1909f56bfc062723c751e8b465ee728b)  -> (artifact id: 'ed969823be2b0c2dac88069dd9b35b87') in 0.008809 seconds 
  Import took 0.013622 seconds .

========================================================================
Received Import Request.
  Time since last request: 2.389219 seconds.
  path: Assets/Prefabs/Tiles/DesertTiles/TILE_Test_Desert_03.prefab
  artifactKey: Guid(2c66ff2ca255eba4fb6ca60ce0939de3) Importer(815301076,1909f56bfc062723c751e8b465ee728b)
Start importing Assets/Prefabs/Tiles/DesertTiles/TILE_Test_Desert_03.prefab using Guid(2c66ff2ca255eba4fb6ca60ce0939de3) Importer(815301076,1909f56bfc062723c751e8b465ee728b)  -> (artifact id: '5a0ddb2bb7bfe6d2a158fa832da69dda') in 0.015417 seconds 
  Import took 0.020878 seconds .

========================================================================
Received Import Request.
  Time since last request: 10.302649 seconds.
  path: Assets/Prefabs/Tiles/SpecialTiles/TILE_QUICKSAND.prefab
  artifactKey: Guid(0d2a25c4e22a69c43a9e1d46248edf00) Importer(815301076,1909f56bfc062723c751e8b465ee728b)
Start importing Assets/Prefabs/Tiles/SpecialTiles/TILE_QUICKSAND.prefab using Guid(0d2a25c4e22a69c43a9e1d46248edf00) Importer(815301076,1909f56bfc062723c751e8b465ee728b)  -> (artifact id: '10646433d803332d416366a463c057cc') in 0.015048 seconds 
  Import took 0.020026 seconds .

========================================================================
Received Import Request.
  Time since last request: 1.386434 seconds.
  path: Assets/Prefabs/Tiles/SpecialTiles/TILE_QUICKSAND.prefab
  artifactKey: Guid(0d2a25c4e22a69c43a9e1d46248edf00) Importer(815301076,1909f56bfc062723c751e8b465ee728b)
Start importing Assets/Prefabs/Tiles/SpecialTiles/TILE_QUICKSAND.prefab using Guid(0d2a25c4e22a69c43a9e1d46248edf00) Importer(815301076,1909f56bfc062723c751e8b465ee728b)  -> (artifact id: 'cb4f067d649dd9bb602df504fd942bb3') in 0.026541 seconds 
  Import took 0.032317 seconds .

========================================================================
Received Prepare
Registering precompiled user dll's ...
Registered in 0.004554 seconds.
Begin MonoManager ReloadAssembly
Native extension for WindowsStandalone target not found
Refreshing native plugins compatible for Editor in 0.69 ms, found 2 plugins.
Preloading 0 native plugins for Editor in 0.00 ms.
Mono: successfully reloaded assembly
- Completed reload, in  0.934 seconds
Domain Reload Profiling:
	ReloadAssembly (934ms)
		BeginReloadAssembly (96ms)
			ExecutionOrderSort (0ms)
			DisableScriptedObjects (6ms)
			BackupInstance (0ms)
			ReleaseScriptingObjects (0ms)
			CreateAndSetChildDomain (32ms)
		EndReloadAssembly (791ms)
			LoadAssemblies (67ms)
			RebuildTransferFunctionScriptingTraits (0ms)
			SetupTypeCache (242ms)
			ReleaseScriptCaches (2ms)
			RebuildScriptCaches (40ms)
			SetupLoadedEditorAssemblies (303ms)
				LogAssemblyErrors (0ms)
				InitializePlatformSupportModulesInManaged (4ms)
				SetLoadedEditorAssemblies (1ms)
				RefreshPlugins (1ms)
				BeforeProcessingInitializeOnLoad (79ms)
				ProcessInitializeOnLoadAttributes (189ms)
				ProcessInitializeOnLoadMethodAttributes (19ms)
				AfterProcessingInitializeOnLoad (9ms)
				EditorAssembliesLoaded (1ms)
			ExecutionOrderSort2 (0ms)
			AwakeInstancesAfterBackupRestoration (18ms)
Platform modules already initialized, skipping
Refreshing native plugins compatible for Editor in 0.55 ms, found 2 plugins.
Preloading 0 native plugins for Editor in 0.00 ms.
Unloading 2953 Unused Serialized files (Serialized files now loaded: 0)
System memory in use before: 138.2 MB.
System memory in use after: 138.5 MB.

Unloading 15 unused Assets to reduce memory usage. Loaded Objects now: 3645.
Total: 2.586900 ms (FindLiveObjects: 0.188600 ms CreateObjectMapping: 0.076100 ms MarkObjects: 2.306300 ms  DeleteObjects: 0.014900 ms)

AssetImportParameters requested are different than current active one (requested -> active):
  custom:framework-win-MediaFoundation: 216162199b28c13a410421893ffa2e32 -> 
  custom:video-decoder-ogg-theora: a1e56fd34408186e4bbccfd4996cb3dc -> 
  custom:container-muxer-webm: aa71ff27fc2769a1b78a27578f13a17b -> 
  custom:container-demuxer-webm: 4f35f7cbe854078d1ac9338744f61a02 -> 
  custom:container-demuxer-ogg: 62fdf1f143b41e24485cea50d1cbac27 -> 
  custom:video-encoder-webm-vp8: eb34c28f22e8b96e1ab97ce403110664 -> 
  custom:video-decoder-webm-vp8: 9c59270c3fd7afecdb556c50c9e8de78 -> 
  custom:audio-decoder-ogg-vorbis: bf7c407c2cedff20999df2af8eb42d56 -> 
  custom:audio-encoder-webm-vorbis: bf7c407c2cedff20999df2af8eb42d56 -> 
========================================================================
Received Import Request.
  Time since last request: 62.425577 seconds.
  path: Assets/Prefabs/Units
  artifactKey: Guid(e2f56283b245edd428eb1c9f51a0f8e5) Importer(815301076,1909f56bfc062723c751e8b465ee728b)
Start importing Assets/Prefabs/Units using Guid(e2f56283b245edd428eb1c9f51a0f8e5) Importer(815301076,1909f56bfc062723c751e8b465ee728b)  -> (artifact id: 'c579b2e86f09f698449ba89b712c68e3') in 0.009438 seconds 
  Import took 0.014006 seconds .

========================================================================
Received Prepare
Registering precompiled user dll's ...
Registered in 0.003023 seconds.
Begin MonoManager ReloadAssembly
Native extension for WindowsStandalone target not found
Refreshing native plugins compatible for Editor in 0.53 ms, found 2 plugins.
Preloading 0 native plugins for Editor in 0.00 ms.
Mono: successfully reloaded assembly
- Completed reload, in  0.876 seconds
Domain Reload Profiling:
	ReloadAssembly (877ms)
		BeginReloadAssembly (93ms)
			ExecutionOrderSort (0ms)
			DisableScriptedObjects (4ms)
			BackupInstance (0ms)
			ReleaseScriptingObjects (0ms)
			CreateAndSetChildDomain (31ms)
		EndReloadAssembly (739ms)
			LoadAssemblies (68ms)
			RebuildTransferFunctionScriptingTraits (0ms)
			SetupTypeCache (254ms)
			ReleaseScriptCaches (2ms)
			RebuildScriptCaches (52ms)
			SetupLoadedEditorAssemblies (250ms)
				LogAssemblyErrors (0ms)
				InitializePlatformSupportModulesInManaged (3ms)
				SetLoadedEditorAssemblies (0ms)
				RefreshPlugins (1ms)
				BeforeProcessingInitializeOnLoad (75ms)
				ProcessInitializeOnLoadAttributes (161ms)
				ProcessInitializeOnLoadMethodAttributes (6ms)
				AfterProcessingInitializeOnLoad (3ms)
				EditorAssembliesLoaded (0ms)
			ExecutionOrderSort2 (0ms)
			AwakeInstancesAfterBackupRestoration (13ms)
Platform modules already initialized, skipping
Refreshing native plugins compatible for Editor in 0.53 ms, found 2 plugins.
Preloading 0 native plugins for Editor in 0.00 ms.
Unloading 2953 Unused Serialized files (Serialized files now loaded: 0)
System memory in use before: 138.3 MB.
System memory in use after: 138.5 MB.

Unloading 15 unused Assets to reduce memory usage. Loaded Objects now: 3647.
Total: 2.976100 ms (FindLiveObjects: 0.277200 ms CreateObjectMapping: 0.087200 ms MarkObjects: 2.593300 ms  DeleteObjects: 0.016800 ms)

AssetImportParameters requested are different than current active one (requested -> active):
  custom:framework-win-MediaFoundation: 216162199b28c13a410421893ffa2e32 -> 
  custom:video-decoder-ogg-theora: a1e56fd34408186e4bbccfd4996cb3dc -> 
  custom:container-muxer-webm: aa71ff27fc2769a1b78a27578f13a17b -> 
  custom:container-demuxer-webm: 4f35f7cbe854078d1ac9338744f61a02 -> 
  custom:container-demuxer-ogg: 62fdf1f143b41e24485cea50d1cbac27 -> 
  custom:video-encoder-webm-vp8: eb34c28f22e8b96e1ab97ce403110664 -> 
  custom:video-decoder-webm-vp8: 9c59270c3fd7afecdb556c50c9e8de78 -> 
  custom:audio-decoder-ogg-vorbis: bf7c407c2cedff20999df2af8eb42d56 -> 
  custom:audio-encoder-webm-vorbis: bf7c407c2cedff20999df2af8eb42d56 -> 
AssetImportWorkerClient::OnTransportError - code=2 error=End of file
